{
  "stats": {
    "suites": 1,
    "tests": 2,
    "passes": 2,
    "pending": 0,
    "failures": 0,
    "start": "2024-04-19T19:57:08.400Z",
    "end": "2024-04-19T19:57:14.565Z",
    "duration": 6165,
    "testsRegistered": 2,
    "passPercent": 100,
    "pendingPercent": 0,
    "other": 0,
    "hasOther": false,
    "skipped": 0,
    "hasSkipped": false
  },
  "results": [
    {
      "uuid": "3a43c400-b030-4005-a1dd-62eca1a6d5b4",
      "title": "",
      "fullFile": "cypress/integration/tasks/Task3.js",
      "file": "cypress/integration/tasks/Task3.js",
      "beforeHooks": [],
      "afterHooks": [],
      "tests": [],
      "suites": [
        {
          "uuid": "ffe01e52-738b-4a23-ba8e-a7700304463d",
          "title": "US03_Edit the details of the specific computer in the system",
          "fullFile": "",
          "file": "",
          "beforeHooks": [],
          "afterHooks": [],
          "tests": [
            {
              "title": "TC01_Search and edit the details successfully by selecting a name from the list",
              "fullTitle": "US03_Edit the details of the specific computer in the system TC01_Search and edit the details successfully by selecting a name from the list",
              "timedOut": null,
              "duration": 2379,
              "state": "passed",
              "speed": "fast",
              "pass": true,
              "fail": false,
              "pending": false,
              "context": null,
              "code": "homePage.goToNextPageButton().click({\n  force: true\n});\ncy.get('.computers tbody tr:nth-child(4) td a').click();\ncomputerPage.getEditComputerHeading().should('contain', 'Edit computer');\ncomputerPage.getComputerNameTextBox().clear().type('EditedName');\ncomputerPage.getIntroducedDateBox().clear().type('2018-09-17');\ncomputerPage.getDiscontinuedDateBox().clear().type('2023-12-24');\ncomputerPage.getCompanyNameDropDown().select(2);\ncomputerPage.getSaveComputerButton().click();\nhomePage.getAlertMessage().should('contain', 'has been updated');",
              "err": {},
              "uuid": "abc515ce-6bbf-4ae1-8103-d746b92ef6f6",
              "parentUUID": "ffe01e52-738b-4a23-ba8e-a7700304463d",
              "isHook": false,
              "skipped": false
            },
            {
              "title": "TC02_Search and edit the details successfully by searching a name from the searchbox",
              "fullTitle": "US03_Edit the details of the specific computer in the system TC02_Search and edit the details successfully by searching a name from the searchbox",
              "timedOut": null,
              "duration": 2683,
              "state": "passed",
              "speed": "fast",
              "pass": true,
              "fail": false,
              "pending": false,
              "context": null,
              "code": "homePage.getFilterTextBox().type('bark');\nhomePage.getFilterButton().click();\ncy.get('.computers tbody td a').click();\ncomputerPage.getEditComputerHeading().should('contain', 'Edit computer');\ncomputerPage.getComputerNameTextBox().clear().type('BOUNCE');\ncomputerPage.getIntroducedDateBox().clear().type('1986-12-30');\ncomputerPage.getDiscontinuedDateBox().clear().type('2024-12-24');\ncomputerPage.getCompanyNameDropDown().select(8);\ncomputerPage.getSaveComputerButton().click();\nhomePage.getAlertMessage().should('contain', 'has been updated');",
              "err": {},
              "uuid": "b1512973-9d97-418b-85b9-18d72ea7601e",
              "parentUUID": "ffe01e52-738b-4a23-ba8e-a7700304463d",
              "isHook": false,
              "skipped": false
            }
          ],
          "suites": [],
          "passes": [
            "abc515ce-6bbf-4ae1-8103-d746b92ef6f6",
            "b1512973-9d97-418b-85b9-18d72ea7601e"
          ],
          "failures": [],
          "pending": [],
          "skipped": [],
          "duration": 5062,
          "root": false,
          "rootEmpty": false,
          "_timeout": 2000
        }
      ],
      "passes": [],
      "failures": [],
      "pending": [],
      "skipped": [],
      "duration": 0,
      "root": true,
      "rootEmpty": true,
      "_timeout": 2000
    }
  ],
  "meta": {
    "mocha": {
      "version": "7.0.1"
    },
    "mochawesome": {
      "options": {
        "quiet": false,
        "reportFilename": "mochawesome",
        "saveHtml": true,
        "saveJson": true,
        "consoleReporter": "spec",
        "useInlineDiffs": false,
        "code": true
      },
      "version": "7.1.3"
    },
    "marge": {
      "options": {
        "charts": true,
        "reportPageTitle": "custom-title",
        "embeddedScreenshots": true,
        "inlineAssets": true,
        "saveAllAttempts": false
      },
      "version": "6.2.0"
    }
  }
}